-------------------------------------------------------------------------------
Test set: com.rozetka.TestLoginFormEntering
-------------------------------------------------------------------------------
Tests run: 1, Failures: 0, Errors: 1, Skipped: 0, Time elapsed: 0.791 sec <<< FAILURE! - in com.rozetka.TestLoginFormEntering
TestLogin[0](com.rozetka.TestLoginFormEntering)  Time elapsed: 0.014 sec  <<< ERROR!
java.lang.IllegalStateException: The path to the driver executable must be set by the webdriver.chrome.driver system property; for more information, see https://github.com/SeleniumHQ/selenium/wiki/ChromeDriver. The latest version can be downloaded from http://chromedriver.storage.googleapis.com/index.html
	at com.rozetka.TestLoginFormEntering.<init>(TestLoginFormEntering.java:20)

