-------------------------------------------------------------------------------
Test set: com.rozetka.TestPriceFilter
-------------------------------------------------------------------------------
Tests run: 1, Failures: 0, Errors: 1, Skipped: 0, Time elapsed: 0.001 sec <<< FAILURE! - in com.rozetka.TestPriceFilter
testOpeningMainPage[0](com.rozetka.TestPriceFilter)  Time elapsed: 0.001 sec  <<< ERROR!
java.lang.IllegalStateException: The path to the driver executable must be set by the webdriver.chrome.driver system property; for more information, see https://github.com/SeleniumHQ/selenium/wiki/ChromeDriver. The latest version can be downloaded from http://chromedriver.storage.googleapis.com/index.html
	at com.rozetka.TestPriceFilter.<init>(TestPriceFilter.java:24)

