{
  "defectsList" : [ {
    "title" : "Product defects",
    "status" : "FAILED",
    "defects" : [ ]
  }, {
    "title" : "Test defects",
    "status" : "BROKEN",
    "defects" : [ {
      "uid" : "3b634703a1f67480",
      "failure" : {
        "message" : "Exception: No runnable methods",
        "stackTrace" : "java.lang.Exception: No runnable methods\n\tat org.junit.runners.BlockJUnit4ClassRunner.validateInstanceMethods(BlockJUnit4ClassRunner.java:191)\n\tat org.junit.runners.BlockJUnit4ClassRunner.collectInitializationErrors(BlockJUnit4ClassRunner.java:128)\n\tat org.junit.runners.ParentRunner.validate(ParentRunner.java:416)\n\tat org.junit.runners.ParentRunner.<init>(ParentRunner.java:84)\n\tat org.junit.runners.BlockJUnit4ClassRunner.<init>(BlockJUnit4ClassRunner.java:65)\n\tat org.junit.runners.parameterized.BlockJUnit4ClassRunnerWithParameters.<init>(BlockJUnit4ClassRunnerWithParameters.java:27)\n\tat org.junit.runners.parameterized.BlockJUnit4ClassRunnerWithParametersFactory.createRunnerForTestWithParameters(BlockJUnit4ClassRunnerWithParametersFactory.java:16)\n\tat org.junit.runners.Parameterized.createRunnersForParameters(Parameterized.java:313)\n\tat org.junit.runners.Parameterized.<init>(Parameterized.java:248)\n\tat sun.reflect.NativeConstructorAccessorImpl.newInstance0(Native Method)\n\tat sun.reflect.NativeConstructorAccessorImpl.newInstance(NativeConstructorAccessorImpl.java:62)\n\tat sun.reflect.DelegatingConstructorAccessorImpl.newInstance(DelegatingConstructorAccessorImpl.java:45)\n\tat java.lang.reflect.Constructor.newInstance(Constructor.java:422)\n\tat org.junit.internal.builders.AnnotatedBuilder.buildRunner(AnnotatedBuilder.java:104)\n\tat org.junit.internal.builders.AnnotatedBuilder.runnerForClass(AnnotatedBuilder.java:86)\n\tat org.junit.runners.model.RunnerBuilder.safeRunnerForClass(RunnerBuilder.java:59)\n\tat org.junit.internal.builders.AllDefaultPossibilitiesBuilder.runnerForClass(AllDefaultPossibilitiesBuilder.java:26)\n\tat org.junit.runners.model.RunnerBuilder.safeRunnerForClass(RunnerBuilder.java:59)\n\tat org.junit.internal.requests.ClassRequest.getRunner(ClassRequest.java:33)\n\tat org.apache.maven.surefire.junit4.JUnit4Provider.execute(JUnit4Provider.java:364)\n\tat org.apache.maven.surefire.junit4.JUnit4Provider.executeWithRerun(JUnit4Provider.java:274)\n\tat org.apache.maven.surefire.junit4.JUnit4Provider.executeTestSet(JUnit4Provider.java:238)\n\tat org.apache.maven.surefire.junit4.JUnit4Provider.invoke(JUnit4Provider.java:161)\n\tat org.apache.maven.surefire.booter.ForkedBooter.invokeProviderInSameClassLoader(ForkedBooter.java:290)\n\tat org.apache.maven.surefire.booter.ForkedBooter.runSuitesInProcess(ForkedBooter.java:242)\n\tat org.apache.maven.surefire.booter.ForkedBooter.main(ForkedBooter.java:121)\n"
      },
      "testCases" : [ {
        "uid" : "a38a0cfd384e6e22",
        "name" : "initializationError",
        "title" : "Initialization error",
        "time" : {
          "start" : 1488769169125,
          "stop" : 1488769169572,
          "duration" : 447
        },
        "severity" : "NORMAL",
        "status" : "BROKEN"
      } ]
    }, {
      "uid" : "9b724920335a4a5f",
      "failure" : {
        "message" : "NullPointerException: null",
        "stackTrace" : "java.lang.NullPointerException\n\tat com.google.common.base.Preconditions.checkNotNull(Preconditions.java:212)\n\tat org.openqa.selenium.support.ui.FluentWait.<init>(FluentWait.java:102)\n\tat org.openqa.selenium.support.ui.WebDriverWait.<init>(WebDriverWait.java:71)\n\tat org.openqa.selenium.support.ui.WebDriverWait.<init>(WebDriverWait.java:45)\n\tat com.rozetka.libs.WebElementOnPage.<init>(WebElementOnPage.java:29)\n\tat com.rozetka.pages.PhonePage.<init>(PhonePage.java:32)\n\tat com.rozetka.Test1MainPageOpening.testOpeningMainPage(Test1MainPageOpening.java:37)\n\tat sun.reflect.NativeMethodAccessorImpl.invoke0(Native Method)\n\tat sun.reflect.NativeMethodAccessorImpl.invoke(NativeMethodAccessorImpl.java:62)\n\tat sun.reflect.DelegatingMethodAccessorImpl.invoke(DelegatingMethodAccessorImpl.java:43)\n\tat java.lang.reflect.Method.invoke(Method.java:497)\n\tat org.junit.runners.model.FrameworkMethod$1.runReflectiveCall(FrameworkMethod.java:50)\n\tat org.junit.internal.runners.model.ReflectiveCallable.run(ReflectiveCallable.java:12)\n\tat org.junit.runners.model.FrameworkMethod.invokeExplosively(FrameworkMethod.java:47)\n\tat org.junit.internal.runners.statements.InvokeMethod.evaluate(InvokeMethod.java:17)\n\tat org.junit.internal.runners.statements.RunBefores.evaluate(RunBefores.java:26)\n\tat org.junit.internal.runners.statements.RunAfters.evaluate(RunAfters.java:27)\n\tat org.junit.rules.TestWatcher$1.evaluate(TestWatcher.java:55)\n\tat org.junit.rules.RunRules.evaluate(RunRules.java:20)\n\tat org.junit.runners.ParentRunner.runLeaf(ParentRunner.java:325)\n\tat org.junit.runners.BlockJUnit4ClassRunner.runChild(BlockJUnit4ClassRunner.java:78)\n\tat org.junit.runners.BlockJUnit4ClassRunner.runChild(BlockJUnit4ClassRunner.java:57)\n\tat org.junit.runners.ParentRunner$3.run(ParentRunner.java:290)\n\tat org.junit.runners.ParentRunner$1.schedule(ParentRunner.java:71)\n\tat org.junit.runners.ParentRunner.runChildren(ParentRunner.java:288)\n\tat org.junit.runners.ParentRunner.access$000(ParentRunner.java:58)\n\tat org.junit.runners.ParentRunner$2.evaluate(ParentRunner.java:268)\n\tat org.junit.runners.ParentRunner.run(ParentRunner.java:363)\n\tat org.junit.runners.Suite.runChild(Suite.java:128)\n\tat org.junit.runners.Suite.runChild(Suite.java:27)\n\tat org.junit.runners.ParentRunner$3.run(ParentRunner.java:290)\n\tat org.junit.runners.ParentRunner$1.schedule(ParentRunner.java:71)\n\tat org.junit.runners.ParentRunner.runChildren(ParentRunner.java:288)\n\tat org.junit.runners.ParentRunner.access$000(ParentRunner.java:58)\n\tat org.junit.runners.ParentRunner$2.evaluate(ParentRunner.java:268)\n\tat org.junit.runners.ParentRunner.run(ParentRunner.java:363)\n\tat org.apache.maven.surefire.junit4.JUnit4Provider.execute(JUnit4Provider.java:367)\n\tat org.apache.maven.surefire.junit4.JUnit4Provider.executeWithRerun(JUnit4Provider.java:274)\n\tat org.apache.maven.surefire.junit4.JUnit4Provider.executeTestSet(JUnit4Provider.java:238)\n\tat org.apache.maven.surefire.junit4.JUnit4Provider.invoke(JUnit4Provider.java:161)\n\tat org.apache.maven.surefire.booter.ForkedBooter.invokeProviderInSameClassLoader(ForkedBooter.java:290)\n\tat org.apache.maven.surefire.booter.ForkedBooter.runSuitesInProcess(ForkedBooter.java:242)\n\tat org.apache.maven.surefire.booter.ForkedBooter.main(ForkedBooter.java:121)\n"
      },
      "testCases" : [ {
        "uid" : "239f04e50d3fba7f",
        "name" : "testOpeningMainPage[0]",
        "title" : "First test!",
        "time" : {
          "start" : 1488769194508,
          "stop" : 1488769201272,
          "duration" : 6764
        },
        "severity" : "NORMAL",
        "status" : "BROKEN"
      } ]
    } ]
  } ]
}